[2023-07-27 10:09:00,481: INFO: main: starting the  custom logs for text summarizer]
[2023-07-27 13:56:25,155: INFO: common: yaml file: config/config.yaml loaded successfully]
[2023-07-27 13:56:25,167: INFO: common: yaml file: params.yaml loaded successfully]
[2023-07-27 13:56:25,180: INFO: common: created directory at: artifacts]
[2023-07-27 13:56:25,188: INFO: common: created directory at: artifacts/data_ingestion]
[2023-07-27 14:08:45,128: INFO: common: yaml file: config/config.yaml loaded successfully]
[2023-07-27 14:08:45,137: INFO: common: yaml file: params.yaml loaded successfully]
[2023-07-27 14:08:45,155: INFO: common: created directory at: artifacts]
[2023-07-27 14:08:45,157: INFO: common: created directory at: artifacts/data_ingestion]
[2023-07-27 14:08:46,259: INFO: 1434958058: artifacts/data_ingestion/data.zip download! with following info: 
Server: GitHub.com
Date: Thu, 27 Jul 2023 08:38:46 GMT
Content-Type: text/html; charset=utf-8
Vary: X-PJAX, X-PJAX-Container, Turbo-Visit, Turbo-Frame, Accept-Encoding, Accept, X-Requested-With
ETag: W/"4474375551549a936da1fa4b51b2471e"
Cache-Control: max-age=0, private, must-revalidate
Strict-Transport-Security: max-age=31536000; includeSubdomains; preload
X-Frame-Options: deny
X-Content-Type-Options: nosniff
X-XSS-Protection: 0
Referrer-Policy: no-referrer-when-downgrade
Content-Security-Policy: default-src 'none'; base-uri 'self'; child-src github.com/assets-cdn/worker/ gist.github.com/assets-cdn/worker/; connect-src 'self' uploads.github.com objects-origin.githubusercontent.com www.githubstatus.com collector.github.com raw.githubusercontent.com api.github.com github-cloud.s3.amazonaws.com github-production-repository-file-5c1aeb.s3.amazonaws.com github-production-upload-manifest-file-7fdce7.s3.amazonaws.com github-production-user-asset-6210df.s3.amazonaws.com cdn.optimizely.com logx.optimizely.com/v1/events *.actions.githubusercontent.com productionresultssa0.blob.core.windows.net/ productionresultssa1.blob.core.windows.net/ productionresultssa2.blob.core.windows.net/ productionresultssa3.blob.core.windows.net/ productionresultssa4.blob.core.windows.net/ wss://*.actions.githubusercontent.com github-production-repository-image-32fea6.s3.amazonaws.com github-production-release-asset-2e65be.s3.amazonaws.com insights.github.com wss://alive.github.com; font-src github.githubassets.com; form-action 'self' github.com gist.github.com objects-origin.githubusercontent.com; frame-ancestors 'none'; frame-src viewscreen.githubusercontent.com notebooks.githubusercontent.com; img-src 'self' data: github.githubassets.com media.githubusercontent.com camo.githubusercontent.com identicons.github.com avatars.githubusercontent.com github-cloud.s3.amazonaws.com objects.githubusercontent.com objects-origin.githubusercontent.com secured-user-images.githubusercontent.com/ user-images.githubusercontent.com/ private-user-images.githubusercontent.com opengraph.githubassets.com github-production-user-asset-6210df.s3.amazonaws.com customer-stories-feed.github.com spotlights-feed.github.com *.githubusercontent.com; manifest-src 'self'; media-src github.com user-images.githubusercontent.com/ secured-user-images.githubusercontent.com/ private-user-images.githubusercontent.com; script-src github.githubassets.com; style-src 'unsafe-inline' github.githubassets.com; upgrade-insecure-requests; worker-src github.com/assets-cdn/worker/ gist.github.com/assets-cdn/worker/
Set-Cookie: _gh_sess=zFWm3orXpIykl4yPYyIHcdOvmBLQyKcCqURTiBsTxG9Bf%2FeN%2B%2FQPJEhTQyFCA%2BFlnCEEuQwf5H0B0HwxbZUBt5utoJJZIsnX8BQdJaiMZGNnzKaxhHkjnYqEvHJhexJFRcVx%2B%2B91OZ28UorOSFQfka1w3YvM42dahU%2FL7vgqsuC6I2o9mA9ffbffbtx60B2aRXoY52WRZIxQNz4Fb9mXLkLB7A1ZJGv2R6k%2Bx9ChXCfGnXe6IB8398Jrs0UYo798WsqHi3Yxumx5U7NyvfxRjA%3D%3D--fcewCnq7nsLAbiva--na4esNHn5Gawlqgt2bxCQw%3D%3D; Path=/; HttpOnly; Secure; SameSite=Lax
Set-Cookie: _octo=GH1.1.229104448.1690447125; Path=/; Domain=github.com; Expires=Sat, 27 Jul 2024 08:38:45 GMT; Secure; SameSite=Lax
Set-Cookie: logged_in=no; Path=/; Domain=github.com; Expires=Sat, 27 Jul 2024 08:38:45 GMT; HttpOnly; Secure; SameSite=Lax
Accept-Ranges: bytes
Transfer-Encoding: chunked
X-GitHub-Request-Id: FC58:269730:769762:8448AD:64C22D15
connection: close

]
[2023-07-27 14:13:41,774: INFO: common: yaml file: config/config.yaml loaded successfully]
[2023-07-27 14:13:41,780: INFO: common: yaml file: params.yaml loaded successfully]
[2023-07-27 14:13:41,782: INFO: common: created directory at: artifacts]
[2023-07-27 14:13:41,787: INFO: common: created directory at: artifacts/data_ingestion]
[2023-07-27 14:13:41,791: INFO: 1434958058: File already exists of size: ~ 117 KB]
[2023-07-27 14:15:30,343: INFO: common: yaml file: config/config.yaml loaded successfully]
[2023-07-27 14:15:30,352: INFO: common: yaml file: params.yaml loaded successfully]
[2023-07-27 14:15:30,355: INFO: common: created directory at: artifacts]
[2023-07-27 14:15:30,357: INFO: common: created directory at: artifacts/data_ingestion]
[2023-07-27 14:15:31,359: INFO: 1434958058: artifacts/data_ingestion/data.zip download! with following info: 
Server: GitHub.com
Date: Thu, 27 Jul 2023 08:45:31 GMT
Content-Type: text/html; charset=utf-8
Vary: X-PJAX, X-PJAX-Container, Turbo-Visit, Turbo-Frame, Accept-Encoding, Accept, X-Requested-With
ETag: W/"519d1bd5e6dcb23425b0410f45461489"
Cache-Control: max-age=0, private, must-revalidate
Strict-Transport-Security: max-age=31536000; includeSubdomains; preload
X-Frame-Options: deny
X-Content-Type-Options: nosniff
X-XSS-Protection: 0
Referrer-Policy: no-referrer-when-downgrade
Content-Security-Policy: default-src 'none'; base-uri 'self'; child-src github.com/assets-cdn/worker/ gist.github.com/assets-cdn/worker/; connect-src 'self' uploads.github.com objects-origin.githubusercontent.com www.githubstatus.com collector.github.com raw.githubusercontent.com api.github.com github-cloud.s3.amazonaws.com github-production-repository-file-5c1aeb.s3.amazonaws.com github-production-upload-manifest-file-7fdce7.s3.amazonaws.com github-production-user-asset-6210df.s3.amazonaws.com cdn.optimizely.com logx.optimizely.com/v1/events *.actions.githubusercontent.com productionresultssa0.blob.core.windows.net/ productionresultssa1.blob.core.windows.net/ productionresultssa2.blob.core.windows.net/ productionresultssa3.blob.core.windows.net/ productionresultssa4.blob.core.windows.net/ wss://*.actions.githubusercontent.com github-production-repository-image-32fea6.s3.amazonaws.com github-production-release-asset-2e65be.s3.amazonaws.com insights.github.com wss://alive.github.com; font-src github.githubassets.com; form-action 'self' github.com gist.github.com objects-origin.githubusercontent.com; frame-ancestors 'none'; frame-src viewscreen.githubusercontent.com notebooks.githubusercontent.com; img-src 'self' data: github.githubassets.com media.githubusercontent.com camo.githubusercontent.com identicons.github.com avatars.githubusercontent.com github-cloud.s3.amazonaws.com objects.githubusercontent.com objects-origin.githubusercontent.com secured-user-images.githubusercontent.com/ user-images.githubusercontent.com/ private-user-images.githubusercontent.com opengraph.githubassets.com github-production-user-asset-6210df.s3.amazonaws.com customer-stories-feed.github.com spotlights-feed.github.com *.githubusercontent.com; manifest-src 'self'; media-src github.com user-images.githubusercontent.com/ secured-user-images.githubusercontent.com/ private-user-images.githubusercontent.com; script-src github.githubassets.com; style-src 'unsafe-inline' github.githubassets.com; upgrade-insecure-requests; worker-src github.com/assets-cdn/worker/ gist.github.com/assets-cdn/worker/
Set-Cookie: _gh_sess=QqKwMIdSEze5Wltlmv4fWhoGZKoe6ViowwPa8eu3c2reeK7aKAwwNAuMPyILahaovduP1OLoifknRXHBhF7ntRtTcZgqPWbAleWC2mYY%2FxTKwlW1KDVURfPEdORS%2BYOwLsSActoalLJxVC%2B2tUeOtS2HPS3yxmFikXq7eEcqD6jmmQO5Muj7pg20To1QGzJ6l877xJYUGfDWLG5MP4eNx5O2GDRl9ZjLemqOK2cq3yPTlPQddkHlTg8OBTuADANv3OOtxQp6u5WR1LPvcwOEaw%3D%3D--lYEH7J1fhxGtGQTM--pHwjMGEFylX3JjfcNrVumQ%3D%3D; Path=/; HttpOnly; Secure; SameSite=Lax
Set-Cookie: _octo=GH1.1.1214390955.1690447531; Path=/; Domain=github.com; Expires=Sat, 27 Jul 2024 08:45:31 GMT; Secure; SameSite=Lax
Set-Cookie: logged_in=no; Path=/; Domain=github.com; Expires=Sat, 27 Jul 2024 08:45:31 GMT; HttpOnly; Secure; SameSite=Lax
Accept-Ranges: bytes
Transfer-Encoding: chunked
X-GitHub-Request-Id: FDAB:268B32:74D735:829C0E:64C22EAA
connection: close

]
[2023-07-27 14:37:42,155: INFO: main: >>>>>> stage Data Ingestion stage started <<<<<<]
[2023-07-27 14:37:42,156: ERROR: main: name 'DataIngestionTrainingPipeline' is not defined]
Traceback (most recent call last):
  File "/Users/harshalsmac/Documents/Projects/NLP/txt-summarizer/main.py", line 7, in <module>
    data_ingestion = DataIngestionTrainingPipeline()
                     ^^^^^^^^^^^^^^^^^^^^^^^^^^^^^
NameError: name 'DataIngestionTrainingPipeline' is not defined
[2023-07-27 14:38:40,976: INFO: main: >>>>>> stage Data Ingestion stage started <<<<<<]
[2023-07-27 14:38:40,978: INFO: common: yaml file: config/config.yaml loaded successfully]
[2023-07-27 14:38:40,979: INFO: common: yaml file: params.yaml loaded successfully]
[2023-07-27 14:38:40,979: INFO: common: created directory at: artifacts]
[2023-07-27 14:38:40,979: ERROR: main: 'ConfigurationManager' object has no attribute 'get_config']
Traceback (most recent call last):
  File "/Users/harshalsmac/Documents/Projects/NLP/txt-summarizer/main.py", line 8, in <module>
    data_ingestion.main()
  File "/Users/harshalsmac/Documents/Projects/NLP/txt-summarizer/src/textSummarizer/pipeline/stage_01_data_ingestion.py", line 10, in main
    config = ConfigurationManager().get_config()
             ^^^^^^^^^^^^^^^^^^^^^^^^^^^^^^^^^
AttributeError: 'ConfigurationManager' object has no attribute 'get_config'
[2023-07-27 14:39:55,239: INFO: main: >>>>>> stage Data Ingestion stage started <<<<<<]
[2023-07-27 14:39:55,241: INFO: common: yaml file: config/config.yaml loaded successfully]
[2023-07-27 14:39:55,241: INFO: common: yaml file: params.yaml loaded successfully]
[2023-07-27 14:39:55,241: INFO: common: created directory at: artifacts]
[2023-07-27 14:39:55,242: INFO: common: created directory at: artifacts/data_ingestion]
[2023-07-27 14:39:55,242: INFO: data_ingestion: File already exists of size: ~ 117 KB]
[2023-07-27 14:39:55,243: ERROR: main: File is not a zip file]
Traceback (most recent call last):
  File "/Users/harshalsmac/Documents/Projects/NLP/txt-summarizer/main.py", line 8, in <module>
    data_ingestion.main()
  File "/Users/harshalsmac/Documents/Projects/NLP/txt-summarizer/src/textSummarizer/pipeline/stage_01_data_ingestion.py", line 14, in main
    data_ingestion.extract_zip_file()
  File "/Users/harshalsmac/Documents/Projects/NLP/txt-summarizer/src/textSummarizer/components/data_ingestion.py", line 35, in extract_zip_file
    with zipfile.ZipFile(self.config.local_data_file, 'r') as zip_ref:
         ^^^^^^^^^^^^^^^^^^^^^^^^^^^^^^^^^^^^^^^^^^^^^^^^^
  File "/Users/harshalsmac/opt/anaconda3/envs/NLP/lib/python3.11/zipfile.py", line 1302, in __init__
    self._RealGetContents()
  File "/Users/harshalsmac/opt/anaconda3/envs/NLP/lib/python3.11/zipfile.py", line 1369, in _RealGetContents
    raise BadZipFile("File is not a zip file")
zipfile.BadZipFile: File is not a zip file
[2023-07-27 14:40:51,017: INFO: main: >>>>>> stage Data Ingestion stage started <<<<<<]
[2023-07-27 14:40:51,018: INFO: common: yaml file: config/config.yaml loaded successfully]
[2023-07-27 14:40:51,019: INFO: common: yaml file: params.yaml loaded successfully]
[2023-07-27 14:40:51,020: INFO: common: created directory at: artifacts]
[2023-07-27 14:40:51,020: INFO: common: created directory at: artifacts/data_ingestion]
[2023-07-27 14:40:51,020: INFO: data_ingestion: File already exists of size: ~ 117 KB]
[2023-07-27 14:40:51,022: ERROR: main: File is not a zip file]
Traceback (most recent call last):
  File "/Users/harshalsmac/Documents/Projects/NLP/txt-summarizer/main.py", line 10, in <module>
    data_ingestion.main()
  File "/Users/harshalsmac/Documents/Projects/NLP/txt-summarizer/src/textSummarizer/pipeline/stage_01_data_ingestion.py", line 14, in main
    data_ingestion.extract_zip_file()
  File "/Users/harshalsmac/Documents/Projects/NLP/txt-summarizer/src/textSummarizer/components/data_ingestion.py", line 35, in extract_zip_file
    with zipfile.ZipFile(self.config.local_data_file, 'r') as zip_ref:
         ^^^^^^^^^^^^^^^^^^^^^^^^^^^^^^^^^^^^^^^^^^^^^^^^^
  File "/Users/harshalsmac/opt/anaconda3/envs/NLP/lib/python3.11/zipfile.py", line 1302, in __init__
    self._RealGetContents()
  File "/Users/harshalsmac/opt/anaconda3/envs/NLP/lib/python3.11/zipfile.py", line 1369, in _RealGetContents
    raise BadZipFile("File is not a zip file")
zipfile.BadZipFile: File is not a zip file
[2023-07-27 14:41:43,038: INFO: main: >>>>>> stage Data Ingestion stage started <<<<<<]
[2023-07-27 14:41:43,040: INFO: common: yaml file: config/config.yaml loaded successfully]
[2023-07-27 14:41:43,040: INFO: common: yaml file: params.yaml loaded successfully]
[2023-07-27 14:41:43,041: INFO: common: created directory at: artifacts]
[2023-07-27 14:41:43,041: INFO: common: created directory at: artifacts/data_ingestion]
[2023-07-27 14:41:43,041: INFO: data_ingestion: File already exists of size: ~ 117 KB]
[2023-07-27 14:41:43,043: ERROR: main: File is not a zip file]
Traceback (most recent call last):
  File "/Users/harshalsmac/Documents/Projects/NLP/txt-summarizer/main.py", line 10, in <module>
    data_ingestion.main()
  File "/Users/harshalsmac/Documents/Projects/NLP/txt-summarizer/src/textSummarizer/pipeline/stage_01_data_ingestion.py", line 14, in main
    data_ingestion.extract_zip_file()
  File "/Users/harshalsmac/Documents/Projects/NLP/txt-summarizer/src/textSummarizer/components/data_ingestion.py", line 35, in extract_zip_file
    with zipfile.ZipFile(self.config.local_data_file, 'r') as zip_ref:
         ^^^^^^^^^^^^^^^^^^^^^^^^^^^^^^^^^^^^^^^^^^^^^^^^^
  File "/Users/harshalsmac/opt/anaconda3/envs/NLP/lib/python3.11/zipfile.py", line 1302, in __init__
    self._RealGetContents()
  File "/Users/harshalsmac/opt/anaconda3/envs/NLP/lib/python3.11/zipfile.py", line 1369, in _RealGetContents
    raise BadZipFile("File is not a zip file")
zipfile.BadZipFile: File is not a zip file
[2023-07-27 14:42:27,426: INFO: main: >>>>>> stage Data Ingestion stage started <<<<<<]
[2023-07-27 14:42:27,427: INFO: common: yaml file: config/config.yaml loaded successfully]
[2023-07-27 14:42:27,428: INFO: common: yaml file: params.yaml loaded successfully]
[2023-07-27 14:42:27,429: INFO: common: created directory at: artifacts]
[2023-07-27 14:42:27,429: INFO: common: created directory at: artifacts/data_ingestion]
[2023-07-27 14:44:11,978: INFO: data_ingestion: artifacts/data_ingestion/data.zip download! with following info: 
Connection: close
Content-Length: 7903594
Cache-Control: max-age=300
Content-Security-Policy: default-src 'none'; style-src 'unsafe-inline'; sandbox
Content-Type: application/zip
ETag: "dbc016a060da18070593b83afff580c9b300f0b6ea4147a7988433e04df246ca"
Strict-Transport-Security: max-age=31536000
X-Content-Type-Options: nosniff
X-Frame-Options: deny
X-XSS-Protection: 1; mode=block
X-GitHub-Request-Id: 560A:41A8:121E84:151525:64C23547
Accept-Ranges: bytes
Date: Thu, 27 Jul 2023 09:13:45 GMT
Via: 1.1 varnish
X-Served-By: cache-bom4738-BOM
X-Cache: MISS
X-Cache-Hits: 0
X-Timer: S1690449224.256753,VS0,VE1225
Vary: Authorization,Accept-Encoding,Origin
Access-Control-Allow-Origin: *
Cross-Origin-Resource-Policy: cross-origin
X-Fastly-Request-ID: f35188f6929c5e32bb28613bf36396250a481a2b
Expires: Thu, 27 Jul 2023 09:18:45 GMT
Source-Age: 1

]
[2023-07-27 14:44:12,247: INFO: main: >>>>>> stage Data Ingestion stage completed <<<<<<

x==========x]
[2023-07-27 15:10:49,560: INFO: main: >>>>>> stage Data Ingestion stage started <<<<<<]
[2023-07-27 15:10:49,564: INFO: common: yaml file: config/config.yaml loaded successfully]
[2023-07-27 15:10:49,566: INFO: common: yaml file: params.yaml loaded successfully]
[2023-07-27 15:10:49,566: INFO: common: created directory at: artifacts]
[2023-07-27 15:10:49,566: INFO: common: created directory at: artifacts/data_ingestion]
[2023-07-27 15:10:49,567: INFO: data_ingestion: File already exists of size: ~ 7718 KB]
[2023-07-27 15:10:49,809: INFO: main: >>>>>> stage Data Ingestion stage completed <<<<<<

x==========x]
